<?xml version="1.0" encoding="UTF-8"?>
<!-- Generated by org.testng.reporters.JUnitXMLReporter -->
<testsuite hostname="DESKTOP-06OUV9F" ignored="2" name="Verify that valid user not able to login into Mercury Tours application by using invalid username and password" tests="2" failures="0" timestamp="20 Oct 2019 07:23:40 GMT" time="9.607" errors="0">
  <testcase name="executeLaunch" time="6.811" classname="mt.mstr.modules.Launch"/>
  <testcase name="executeLoginwithInvalidds" time="2.787" classname="mt.mstr.modules.Login"/>
  <testcase name="executeLoginwithValidds" time="0.0" classname="mt.mstr.modules.Login">
    <ignored/>
  </testcase> <!-- executeLoginwithValidds -->
  <testcase name="executeLoginwithInvalidds1" time="0.0" classname="mt.mstr.modules.Login">
    <ignored/>
  </testcase> <!-- executeLoginwithInvalidds1 -->
</testsuite> <!-- Verify that valid user not able to login into Mercury Tours application by using invalid username and password -->
