<?xml version="1.0" encoding="UTF-8"?>
<!-- Generated by org.testng.reporters.JUnitXMLReporter -->
<testsuite hostname="DESKTOP-06OUV9F" ignored="2" name="Verify that invalid user not able to login into Mercury Tours application by using invalid username and password" tests="1" failures="0" timestamp="20 Oct 2019 07:39:29 GMT" time="3.429" errors="0">
  <testcase name="executeLoginwithInvalidds1" time="3.424" classname="mt.mstr.modules.Login"/>
  <testcase name="executeLoginwithValidds" time="0.0" classname="mt.mstr.modules.Login">
    <ignored/>
  </testcase> <!-- executeLoginwithValidds -->
  <testcase name="executeLoginwithInvalidds" time="0.0" classname="mt.mstr.modules.Login">
    <ignored/>
  </testcase> <!-- executeLoginwithInvalidds -->
</testsuite> <!-- Verify that invalid user not able to login into Mercury Tours application by using invalid username and password -->
