<?xml version="1.0" encoding="UTF-8"?>
<!-- Generated by org.testng.reporters.JUnitXMLReporter -->
<testsuite hostname="DESKTOP-URR3LUO" ignored="2" name="Verify that invalid user not able to login into Mercury Tours application by using invalid username and password" tests="1" failures="0" timestamp="19 Jan 2020 10:38:52 GMT" time="5.767" errors="0">
  <testcase name="executeLoginwithInvalidds1" time="5.767" classname="mt.mstr.modules.Login"/>
  <testcase name="executeLoginwithValidds" time="0.0" classname="mt.mstr.modules.Login">
    <ignored/>
  </testcase> <!-- executeLoginwithValidds -->
  <testcase name="executeLoginwithInvalidds" time="0.0" classname="mt.mstr.modules.Login">
    <ignored/>
  </testcase> <!-- executeLoginwithInvalidds -->
</testsuite> <!-- Verify that invalid user not able to login into Mercury Tours application by using invalid username and password -->
