<?xml version="1.0" encoding="UTF-8"?>
<!-- Generated by org.testng.reporters.JUnitXMLReporter -->
<testsuite hostname="DESKTOP-URR3LUO" ignored="2" name="Verify that valid user able to login into Mercury Tours application by using valid username and password" tests="2" failures="0" timestamp="19 Jan 2020 10:38:46 GMT" time="58.189" errors="0">
  <testcase name="executeLaunch" time="40.323" classname="mt.mstr.modules.Launch"/>
  <testcase name="executeLoginwithValidds" time="17.502" classname="mt.mstr.modules.Login"/>
  <testcase name="executeLoginwithInvalidds" time="0.0" classname="mt.mstr.modules.Login">
    <ignored/>
  </testcase> <!-- executeLoginwithInvalidds -->
  <testcase name="executeLoginwithInvalidds1" time="0.0" classname="mt.mstr.modules.Login">
    <ignored/>
  </testcase> <!-- executeLoginwithInvalidds1 -->
</testsuite> <!-- Verify that valid user able to login into Mercury Tours application by using valid username and password -->
