<?xml version="1.0" encoding="UTF-8"?>
<!-- Generated by org.testng.reporters.JUnitXMLReporter -->
<testsuite hostname="DESKTOP-URR3LUO" ignored="2" name="Verify that valid user able to login into Mercury Tours application by using valid username and password" tests="2" failures="2" timestamp="16 Jan 2020 11:47:11 GMT" time="0.133" errors="0">
  <testcase name="executeLaunch" time="0.024" classname="mt.mstr.modules.Launch">
    <failure type="java.io.FileNotFoundException" message="E:\Java Programs\Eclipse Java\MercuryTsPomDemo\src\test\resources\config.properties (The system cannot find the path specified)">
      <![CDATA[java.io.FileNotFoundException: E:\Java Programs\Eclipse Java\MercuryTsPomDemo\src\test\resources\config.properties (The system cannot find the path specified)
at java.io.FileInputStream.open(Native Method)
at java.io.FileInputStream.<init>(FileInputStream.java:138)
at java.io.FileInputStream.<init>(FileInputStream.java:93)
at mt.mstr.utility.LaunchApp.openBrowser(LaunchApp.java:20)
at mt.mstr.modules.Launch.executeLaunch(Launch.java:21)
... Removed 28 stack frames]]>
    </failure>
  </testcase> <!-- executeLaunch -->
  <testcase name="executeLoginwithValidds" time="0.062" classname="mt.mstr.modules.Login">
    <failure type="java.lang.NullPointerException">
      <![CDATA[java.lang.NullPointerException
at org.openqa.selenium.support.pagefactory.DefaultElementLocator.findElement(DefaultElementLocator.java:69)
at org.openqa.selenium.support.pagefactory.internal.LocatingElementHandler.invoke(LocatingElementHandler.java:38)
at com.sun.proxy.$Proxy6.sendKeys(Unknown Source)
at mt.mstr.pages.Loginpage.enterUsername(Loginpage.java:33)
at mt.mstr.modules.Login.executeLoginwithValidds(Login.java:22)
... Removed 28 stack frames]]>
    </failure>
  </testcase> <!-- executeLoginwithValidds -->
  <testcase name="executeLoginwithInvalidds" time="0.0" classname="mt.mstr.modules.Login">
    <ignored/>
  </testcase> <!-- executeLoginwithInvalidds -->
  <testcase name="executeLoginwithInvalidds1" time="0.0" classname="mt.mstr.modules.Login">
    <ignored/>
  </testcase> <!-- executeLoginwithInvalidds1 -->
</testsuite> <!-- Verify that valid user able to login into Mercury Tours application by using valid username and password -->
