-------------------------------------------------------------------------------
Test set: TestSuite
-------------------------------------------------------------------------------
Tests run: 4, Failures: 4, Errors: 0, Skipped: 0, Time elapsed: 3.672 sec <<< FAILURE! - in TestSuite
executeLaunch(mt.mstr.modules.Launch)  Time elapsed: 0.026 sec  <<< FAILURE!
java.io.FileNotFoundException: E:\Java Programs\Eclipse Java\MercuryTsPomDemo\src\test\resources\config.properties (The system cannot find the path specified)
	at java.io.FileInputStream.open(Native Method)
	at java.io.FileInputStream.<init>(FileInputStream.java:138)
	at java.io.FileInputStream.<init>(FileInputStream.java:93)
	at mt.mstr.utility.LaunchApp.openBrowser(LaunchApp.java:20)
	at mt.mstr.modules.Launch.executeLaunch(Launch.java:21)

executeLoginwithValidds(mt.mstr.modules.Login)  Time elapsed: 0.061 sec  <<< FAILURE!
java.lang.NullPointerException: null
	at org.openqa.selenium.support.pagefactory.DefaultElementLocator.findElement(DefaultElementLocator.java:69)
	at org.openqa.selenium.support.pagefactory.internal.LocatingElementHandler.invoke(LocatingElementHandler.java:38)
	at com.sun.proxy.$Proxy6.sendKeys(Unknown Source)
	at mt.mstr.pages.Loginpage.enterUsername(Loginpage.java:33)
	at mt.mstr.modules.Login.executeLoginwithValidds(Login.java:22)

executeLaunch(mt.mstr.modules.Launch)  Time elapsed: 0.001 sec  <<< FAILURE!
java.io.FileNotFoundException: E:\Java Programs\Eclipse Java\MercuryTsPomDemo\src\test\resources\config.properties (The system cannot find the path specified)
	at java.io.FileInputStream.open(Native Method)
	at java.io.FileInputStream.<init>(FileInputStream.java:138)
	at java.io.FileInputStream.<init>(FileInputStream.java:93)
	at mt.mstr.utility.LaunchApp.openBrowser(LaunchApp.java:20)
	at mt.mstr.modules.Launch.executeLaunch(Launch.java:21)

executeLoginwithInvalidds(mt.mstr.modules.Login)  Time elapsed: 0 sec  <<< FAILURE!
java.lang.NullPointerException: null
	at org.openqa.selenium.support.pagefactory.DefaultElementLocator.findElement(DefaultElementLocator.java:69)
	at org.openqa.selenium.support.pagefactory.internal.LocatingElementHandler.invoke(LocatingElementHandler.java:38)
	at com.sun.proxy.$Proxy6.sendKeys(Unknown Source)
	at mt.mstr.pages.Loginpage.enterUsername(Loginpage.java:33)
	at mt.mstr.modules.Login.executeLoginwithInvalidds(Login.java:41)

