<?xml version="1.0" encoding="UTF-8"?>
<testng-results skipped="0" failed="0" ignored="4" total="7" passed="3">
  <reporter-output>
  </reporter-output>
  <suite name="Suite" duration-ms="65160" started-at="2020-01-19T10:37:46Z" finished-at="2020-01-19T10:38:51Z">
    <groups>
    </groups>
    <test name="Verify that valid user able to login into Mercury Tours application by using valid username and password" duration-ms="58189" started-at="2020-01-19T10:37:46Z" finished-at="2020-01-19T10:38:45Z">
      <class name="mt.mstr.modules.Launch">
        <test-method status="PASS" signature="executeLaunch(java.lang.String, java.lang.String, int)[pri:0, instance:mt.mstr.modules.Launch@3f0ee7cb]" name="executeLaunch" duration-ms="40323" started-at="2020-01-19T10:37:46Z" finished-at="2020-01-19T10:38:27Z">
          <params>
            <param index="0">
              <value>
                <![CDATA[chrome]]>
              </value>
            </param>
            <param index="1">
              <value>
                <![CDATA[http://newtours.demoaut.com/mercurywelcome.php]]>
              </value>
            </param>
            <param index="2">
              <value>
                <![CDATA[15]]>
              </value>
            </param>
          </params>
          <reporter-output>
          </reporter-output>
        </test-method> <!-- executeLaunch -->
      </class> <!-- mt.mstr.modules.Launch -->
      <class name="mt.mstr.modules.Login">
        <test-method status="PASS" signature="executeLoginwithValidds(java.lang.String, java.lang.String)[pri:1, instance:mt.mstr.modules.Login@75bd9247]" name="executeLoginwithValidds" duration-ms="17502" started-at="2020-01-19T10:38:27Z" finished-at="2020-01-19T10:38:45Z">
          <params>
            <param index="0">
              <value>
                <![CDATA[Suvidyap1]]>
              </value>
            </param>
            <param index="1">
              <value>
                <![CDATA[P@ssword1]]>
              </value>
            </param>
          </params>
          <reporter-output>
          </reporter-output>
        </test-method> <!-- executeLoginwithValidds -->
      </class> <!-- mt.mstr.modules.Login -->
    </test> <!-- Verify that valid user able to login into Mercury Tours application by using valid username and password -->
    <test name="Verify that invalid user not able to login into Mercury Tours application by using invalid username and password" duration-ms="5767" started-at="2020-01-19T10:38:46Z" finished-at="2020-01-19T10:38:51Z">
      <class name="mt.mstr.modules.Login">
        <test-method status="PASS" signature="executeLoginwithInvalidds1(java.lang.String, java.lang.String)[pri:2, instance:mt.mstr.modules.Login@3f3afe78]" name="executeLoginwithInvalidds1" duration-ms="5767" started-at="2020-01-19T10:38:46Z" finished-at="2020-01-19T10:38:51Z">
          <params>
            <param index="0">
              <value>
                <![CDATA[Suvidyap]]>
              </value>
            </param>
            <param index="1">
              <value>
                <![CDATA[P@ssword]]>
              </value>
            </param>
          </params>
          <reporter-output>
          </reporter-output>
        </test-method> <!-- executeLoginwithInvalidds1 -->
      </class> <!-- mt.mstr.modules.Login -->
    </test> <!-- Verify that invalid user not able to login into Mercury Tours application by using invalid username and password -->
  </suite> <!-- Suite -->
</testng-results>
